<?xml version="1.0" encoding="UTF-8"?>
<testsuite name="FirstGradle.LibraryTest" tests="1" skipped="0" failures="0" errors="0" timestamp="2022-08-04T05:47:28" hostname="venkat-zstk271" time="0.001">
  <properties/>
  <testcase name="someLibraryMethodReturnsTrue()" classname="FirstGradle.LibraryTest" time="0.001"/>
  <system-out><![CDATA[]]></system-out>
  <system-err><![CDATA[]]></system-err>
</testsuite>
